n/d: 4/13
f [ 4  18  468 ]
g [ 4  20  130 ]
a [ 4  26  52 ]
a [ 6  13  26  39 ]
h [ 4  32  64 ] r 3

n/d: 3/52
f [ 18  468 ]
g [ 20  130 ]
a [ 26  52 ]
h [ 32  64 ] r 3

n/d: 9/61
f [ 7  214  91378 ]
g [ 7  238  2074 ]
a [ 12  16  976  1464 ]
a [ 7  244  1708 ]
a [ 8  61  244  488 ]
a [ 10  30  122  305  366 ]
h [ 8  64 ] r 2

n/d: 17/29
f [ 2  12  348 ]
g [ 3  4  348 ]
a [ 2  15  58  435 ]
h [ 2  16  64 ] r 2 +
r [ 3  4  348 ]
r [ 2  15  58  435 ]

n/d: 19/53
f [ 3  40  6360 ]
g [ 3  42  742 ]
a [ 4  14  28  742 ]
a [ 3  53  159 ]
h [ 4  16  32 ] r 4 1/2

n/d: 20/53
f [ 3  23  1829  6688653 ]
g [ 4  8  424 ]
a [ 5  6  106  795 ]
h [ 4  8 ] r 1/2

n/d: 71/135
f [ 2  39  3510 ]
g [ 2  45  270 ]
a [ 2  54  135 ]
a [ 2  40  1080 ]
h [ 2  64 ] r 3

n/d: 4/49
f [ 13  213  67841  9204734721 ]
g [ 13  325  925  1813 ]
a [ 20  40  245  392 ]
a [ 14  98 ]
a [ 16  98  196  392  784 ]
h [ 16  64 ] r 1

n/d: 5/6
f [ 2  3 ]
a [ 2  4  12 ]
h [ 2  4  16  64 ] r 1 1/2

n/d: 7/15
f [ 3  8  120 ]
g [ 3  12  20 ]
a [ 4  6  30  60 ]
a [ 4  8  15  60  120 ]
a [ 5  6  10 ]
h [ 4  8  16  64 ] r 4

n/d: 1 + 5/22
f [ 5  37  4070 ]
g [ 6  21  77 ]
a [ 6  18  198 ]
a [ 6  22  66 ]
h [ 8  16  32 ] r 2 1/2

n/d: 18/23
f [ 2  4  31  2852 ]
g [ 2  6  12  36  207 ]
a [ 2  6  9  207 ]
a [ 2  4  46  92 ]
a [ 2  6  10  115  138 ]
h [ 2  4  32 ]

n/d: 10/39
f [ 4  156 ]
a [ 6  13  78 ]
h [ 4 ] r 2

n/d: 5/121
f [ 25  757  763309  873960180913,...
g [ 25  1225  3577  7081  11737 ]
a [ 25  1210  3025  6050 ]
a [ 28  242  847  3388 ]
a [ 33  121  363 ]
h [ 32 ] r 3

n/d: 10/143
f [ 15  307  164629  108410665935 ]
g [ 35  63  65  99 ]
a [ 24  36  3432  5148 ]
a [ 15  715  858  1430 ]
a [ 16  143  2288 ]
a [ 26  33  858 ]
h [ 16 ] r 2

n/d: 3/179
f [ 60  10740 ]
a [ 70  895  1253  1790 ]
h [ 64 ]

n/d: 17/180
f [ 11  283  560340 ]
g [ 12  90 ]
a [ 15  36 ]
a [ 16  32  1440 ]
h [ 16  32 ]

n/d: 23/231
f [ 11  116  26796 ]
g [ 11  176  336 ]
a [ 12  64  1848  14784 ]
a [ 18  27  162  1386  12474 ]
a [ 12  66  924 ]
a [ 22  33  42 ]
h [ 16  32 ] r 1 1/2

n/d: 31/311
f [ 11  115  13567  190623619  37683192230798623,...
g [ 16  28  688  93611 ]
a [ 16  34  136  2488  84592 ]
a [ 14  36  2799  8708 ]
a [ 12  64  2488  3732  19904 ]
a [ 15  35  311  933  6531 ]
h [ 16  32 ] r 1 1/2

n/d: 163/431
f [ 3  23  726  799649  1918314769954 ]
g [ 4  18  20  55  225  118525 ]
a [ 4  8  320  27584  34480 ]
a [ 4  8  431  1724  3448 ]
a [ 6  7  15  862  1293  15085 ]
h [ 4  8 ] r 1

n/d: 1/2
f [ 2 ]

n/d: 2/3
f [ 2  6 ]
h [ 2  8  32 ] r 3

n/d: 4/5
f [ 2  4  20 ]
g [ 2  6  12  20 ]
a [ 2  5  10 ]
h [ 2  4  32  64 ] r 1

n/d: 8/11
f [ 2  5  37  4070 ]
g [ 2  6  21  77 ]
a [ 2  6  22  66 ]
h [ 2  8  16  32 ] r 2 1/2

n/d: 16/17
f [ 2  3  10  128  32640 ]
g [ 2  4  6  48  272 ]
a [ 2  4  8  16  272 ]
a [ 2  4  6  68  102 ]
a [ 2  4  8  17  136 ]
a [ 2  3  17  34  51 ]
h [ 2  4  8  16 ] r 1

n/d: 77/79
f [ 2  3  8  62  4522  26578508  883021332804072 ]
g [ 2  3  12  20  130  3081 ]
a [ 2  3  13  26  39  3081 ]
a [ 2  4  6  18  711  948 ]
a [ 2  4  8  16  32  316  632  1264  2528 ]
a [ 2  3  14  15  553  1185  1659 ]
h [ 2  4  8  16  32 ] r 1 1/2

n/d: 732/733
f [ 2  3  7  45  4484  33397845  2305193137933140 ]
g [ 2  4  6  16  98  196  294  2352  2989  536556 ]
a [ 2  4  8  13  28  91  133406  533624 ]
a [ 2  3  11  22  66  121  242  726  88693  532158 ]
a [ 2  5  8  9  16  65970  105552 ]
a [ 2  7  10  11  14  21  22  5131  15393  16126  21990 ]
h [ 2  4  8  16  32  64 ] r 4 1/2

n/d: 27538/27539
f [ 2  3  7  43  1933  14893663  1927127616646187,...
g [ 2  3  12  20  55  75  671  3675  51423  758368982 ]
a [ 2  4  6  31  37  62  222  296  94761699  252697864 ]
a [ 2  3  11  22  66  139  278  417  834  2502  3058  68902578  126321393 ]
a [ 2  5  8  10  16  128  215  75787328  151574656  189468320 ]
a [ 2  6  10  14  21  22  26  33  82617  192773  275390  358007  385546  605858  716014  1074021 ]
h [ 2  4  8  16  32  64 ] r 4 1/2

n/d: 1597/2584
f [ 2  9  145  37889  127766254680 ]
g [ 2  10  57  2040 ]
a [ 2  10  61  610  788120 ]
a [ 2  14  28  92  59432  237728  1664096 ]
a [ 2  10  100  125  51680  129200  258400  323000 ]
a [ 4  6  8  17  57 ]
h [ 2  16  32  64 ] r 2 1/2

n/d: 1 + 169/408
f [ 3  13  253  149102  33346960504 ]
g [ 3  15  85  408 ]
a [ 4  8  34  102 ]
a [ 6  9  11  22  13464 ]
a [ 4  8  32  128  6528 ]
h [ 4  8  32 ] r 2 1/2

n/d: 2 + 719/1001
f [ 2  5  55  10010 ]
g [ 2  8  12  104  3003 ]
a [ 2  5  62  465  465465 ]
a [ 3  4  9  42  36036 ]
a [ 2  7  14  462  1001  2002  3003 ]
h [ 2  8  16  64 ] r 4 1/2

n/d: 3 + 16/113
f [ 8  61  5014  27649202  1911195900442808 ]
g [ 12  20  130  2067  11978 ]
a [ 13  26  39  2938  4407 ]
a [ 8  64  1808  3616  7232 ]
a [ 12  18  452  2034 ]
a [ 14  15  565  678  3955 ]
h [ 8  64 ]

n/d: 335/336
f [ 2  3  7  48 ]
g [ 2  4  6  20  48  105 ]
a [ 2  5  6  10  33  18480 ]
a [ 2  4  6  18  54  162  9072 ]
h [ 2  4  8  16  32  64 ] r 4

n/d: 4699/7320
f [ 2  8  60  3660 ]
g [ 2  8  80  480  608  3002  3660  9480 ]
a [ 2  8  122  183  305 ]
a [ 2  10  31  155  310  226920 ]
a [ 2  13  16  416  14640  29280  95160 ]
h [ 2  8  64 ]

n/d: 3/2221
f [ 741  822881  1354265457441 ]
g [ 741  1097421  3289301 ]
a [ 741  1097174  3291522 ]
a [ 744  206553  550808 ]
a [ 770  48862  66630  93282  171017 ]
h []

n/d: 3/2879
f [ 960  2763840 ]
a [ 1155  14395  20153  40306  60459  63338 ]
h []

n/d: 551/1221
f [ 3  9  147  44872  8053940664 ]
g [ 3  11  37 ]
a [ 3  9  171  1026  417582 ]
a [ 4  5  800  97680  195360  244200 ]
a [ 4  5  1221  2442  24420 ]
h [ 4  8  16 ] r 4

n/d: 31/1244
f [ 41  1890  3707599  25528821218460 ]
g [ 306  342  380  420  462  506  552  561  600  650  702  756  62601  84281 ]
a [ 43  602  374444 ]
a [ 58  174  522  72152  649368 ]
a [ 54  162  7464  11196  201528 ]
a [ 42  1244  7464  8708  17416 ]
h [ 64 ] r 2 1/2

n/d: 173/1225
f [ 8  62  10476  795652200 ]
g [ 13  17  325  561  1617 ]
a [ 16  24  27  66150  176400 ]
a [ 13  26  39  7350  15925 ]
a [ 8  64  2450  9800  19600  39200  78400 ]
a [ 15  42  49  75  98  147 ]
h [ 8  64 ]

n/d: 297/1225
f [ 5  24  1279  2211918  13862311297800 ]
g [ 6  14  525  825  1353  2009 ]
a [ 6  22  33  40425 ]
a [ 6  35  49  50  147 ]
h [ 8  16  32  64 ] r 2 1/2

n/d: 43/64
f [ 2  6  192 ]
a [ 2  8  32  64 ]

n/d: 27701/27720
f [ 2  3  7  44  2520 ]
g [ 2  4  6  21  44  126  270  1512 ]
overflow: subset
a [ 2  4  8  16  34  59  68  2006  4012  55606320 ]
a [ 2  4  6  37  46  92  111  138  148  23589720 ]
h [ 2  4  8  16  32  64 ] r 4 1/2

n/d: 2/3
f [ 2  6 ]
h [ 2  8  32 ] r 3

n/d: 2/5
f [ 3  15 ]
a [ 4  10  20 ]
h [ 4  8  64 ] r 3

n/d: 2/7
f [ 4  28 ]
a [ 6  14  21 ]
h [ 4  32 ] r 1

n/d: 2/9
f [ 5  45 ]
a [ 6  18 ]
h [ 8  16  32 ] r 1

n/d: 2/11
f [ 6  66 ]
h [ 8  32  64 ] r 3

n/d: 2/13
f [ 7  91 ]
a [ 8  52  104 ]
a [ 13  26  39  78 ]
h [ 8  64 ] r 4

n/d: 2/15
f [ 8  120 ]
g [ 12  20 ]
a [ 10  30 ]
h [ 8 ] r 2 1/2

n/d: 2/17
f [ 9  153 ]
a [ 12  51  68 ]
a [ 10  85  170 ]
h [ 16  32  64 ] r 2 1/2

n/d: 2/19
f [ 10  190 ]
a [ 12  76  114 ]
h [ 16  32 ] r 3 1/2

n/d: 2/21
f [ 11  231 ]
g [ 15  35 ]
a [ 12  84 ]
a [ 14  42 ]
h [ 16  32 ]

n/d: 2/23
f [ 12  276 ]
a [ 23  46  69  138 ]
h [ 16  64 ] r 2 1/2

n/d: 2/25
f [ 13  325 ]
a [ 16  100  200  400 ]
a [ 15  75 ]
h [ 16  64 ] r 1/2

n/d: 2/27
f [ 14  378 ]
g [ 18  54 ]
a [ 16  108  432 ]
h [ 16 ] r 3 1/2

n/d: 2/29
f [ 15  435 ]
g [ 24  40  435 ]
a [ 24  58  174  232 ]
a [ 24  55  110  38280 ]
a [ 24  56  112  2784  9744  19488 ]
h [ 16 ] r 2

n/d: 2/31
f [ 16  496 ]
a [ 16  744  1488 ]
a [ 20  124  155 ]
h [ 16 ] r 1/2

n/d: 2/33
f [ 17  561 ]
g [ 21  77 ]
a [ 18  198 ]
a [ 22  66 ]
h [ 32  64 ] r 4

n/d: 2/35
f [ 18  630 ]
g [ 30  42 ]
h [ 32  64 ] r 3

n/d: 2/37
f [ 19  703 ]
a [ 28  56  2072 ]
a [ 20  296  1480 ]
a [ 24  111  296 ]
h [ 32  64 ] r 2

n/d: 2/39
f [ 20  780 ]
g [ 24  104 ]
a [ 26  78 ]
h [ 32  64 ] r 1

n/d: 2/41
f [ 21  861 ]
a [ 24  246  328 ]
a [ 41  82  123  246 ]
h [ 32  64 ] r 1/2

n/d: 2/43
f [ 22  946 ]
g [ 42  143  195  255  323  399  946 ]
a [ 42  86  129  301 ]
a [ 42  62  186  837  503874 ]
a [ 42  47  705  169764  848820 ]
h [ 32 ] r 4 1/2

n/d: 2/45
f [ 23  1035 ]
g [ 35  63 ]
a [ 24  360 ]
a [ 30  90 ]
h [ 32 ] r 4

n/d: 2/47
f [ 24  1128 ]
a [ 30  141  470 ]
h [ 32 ] r 3 1/2

n/d: 2/49
f [ 25  1225 ]
a [ 28  196 ]
a [ 42  98  147 ]
h [ 32 ] r 3

n/d: 2/51
f [ 26  1326 ]
g [ 30  170 ]
a [ 28  357  1428 ]
a [ 34  102 ]
h [ 32 ] r 2 1/2

n/d: 2/53
f [ 27  1431 ]
a [ 28  742  1484 ]
a [ 30  318  795 ]
h [ 32 ] r 2

n/d: 2/55
f [ 28  1540 ]
g [ 40  88 ]
a [ 33  165 ]
h [ 32 ] r 1 1/2

n/d: 2/57
f [ 29  1653 ]
g [ 33  209 ]
a [ 30  570 ]
a [ 38  114 ]
h [ 32 ] r 1

n/d: 2/59
f [ 30  1770 ]
a [ 59  118  177  354 ]
a [ 30  2124  10620 ]
a [ 36  236  531 ]
h [ 32 ] r 1/2

n/d: 2/61
f [ 31  1891 ]
a [ 61  122  183  366 ]
a [ 48  84  34160  51240 ]
a [ 34  306  14640  43920  82960  248880 ]
a [ 40  244  488  610 ]
h [ 32 ]

n/d: 2/63
f [ 32  2016 ]
g [ 56  72 ]
a [ 42  126 ]
h [ 32 ]

n/d: 2/65
f [ 33  2145 ]
g [ 45  117 ]
a [ 36  585  780 ]
a [ 39  195 ]
h [ 64 ] r 4 1/2

n/d: 2/67
f [ 34  2278 ]
a [ 56  84  11256 ]
a [ 36  536  4824 ]
a [ 40  335  536 ]
h [ 64 ] r 4 1/2

n/d: 2/69
f [ 35  2415 ]
g [ 39  299 ]
a [ 36  828 ]
a [ 46  138 ]
h [ 64 ] r 4

n/d: 2/71
f [ 36  2556 ]
a [ 36  3408  10224 ]
a [ 40  568  710 ]
h [ 64 ] r 4

n/d: 2/73
f [ 37  2701 ]
a [ 73  146  219  438 ]
a [ 64  128  256  36208  72416  144832  289664  579328 ]
a [ 55  110  9052  90520  497860  995720 ]
a [ 60  219  292  365 ]
h [ 64 ] r 3 1/2

n/d: 2/75
f [ 38  2850 ]
g [ 50  150 ]
a [ 40  600 ]
h [ 64 ] r 3 1/2

n/d: 2/77
f [ 39  3003 ]
g [ 63  99 ]
a [ 44  308 ]
a [ 54  135  27720  83160 ]
a [ 39  4004  12012 ]
h [ 64 ] r 3

n/d: 2/79
f [ 40  3160 ]
g [ 60  120  3160 ]
a [ 60  237  316  790 ]
a [ 60  224  448  512  4247040 ]
a [ 60  159  424  502440 ]
h [ 64 ] r 3

n/d: 2/81
f [ 41  3321 ]
g [ 45  405 ]
a [ 42  1134 ]
a [ 54  162 ]
h [ 64 ] r 2 1/2

n/d: 2/83
f [ 42  3486 ]
g [ 60  140  3486 ]
a [ 60  332  415  498 ]
a [ 60  344  387  516  1284840 ]
a [ 60  135  44820 ]
h [ 64 ] r 2 1/2

n/d: 2/85
f [ 43  3655 ]
g [ 55  187 ]
a [ 48  510  1360 ]
a [ 51  255 ]
h [ 64 ] r 2 1/2

n/d: 2/87
f [ 44  3828 ]
g [ 48  464 ]
a [ 48  696  1392 ]
a [ 58  174 ]
h [ 64 ] r 2

n/d: 2/89
f [ 45  4005 ]
g [ 60  180  4005 ]
a [ 60  178  5340 ]
a [ 60  323  646  1292  2584  4357440  20697840  82791360 ]
a [ 60  201  1206  1153440  25760160  38640240 ]
a [ 60  356  534  890 ]
h [ 64 ] r 2

n/d: 2/91
f [ 46  4186 ]
g [ 70  130 ]
a [ 48  1456  2184 ]
a [ 78  182  273 ]
h [ 64 ] r 2

n/d: 2/93
f [ 47  4371 ]
g [ 51  527 ]
a [ 48  1488 ]
a [ 62  186 ]
h [ 64 ] r 1 1/2

n/d: 2/95
f [ 48  4560 ]
g [ 60  228 ]
a [ 76  190  380 ]
h [ 64 ] r 1 1/2

n/d: 2/97
f [ 49  4753 ]
a [ 97  194  291  582 ]
a [ 68  170  54320  108640  369376 ]
a [ 49  5432  38024 ]
a [ 56  679  776 ]
h [ 64 ] r 1 1/2

n/d: 2/99
f [ 50  4950 ]
g [ 90  110 ]
a [ 54  594 ]
a [ 66  198 ]
h [ 64 ] r 1

n/d: 2/101
f [ 51  5151 ]
a [ 76  152  23028  46056 ]
a [ 51  7272  30906  41208 ]
a [ 52  2424  7878  31512 ]
a [ 101  202  303  606 ]
h [ 64 ] r 1

n/d: 9/10
f [ 2  3  15 ]
g [ 3" 5  30 ]
a [ 3" 6  15 ]
a [ 3" 6  18  90 ]
a [ 3" 8  16  30  120  240 ]
h [ 2  4  8  64 ] r 3

n/d: 14 + 28/97
f [ 4  26  5044 ]
a [ 6  14  21  582  1358  2037 ]
a [ 8  11  20  44  81480  130368  358512  1434048 ]
a [ 7  8  97  194  388  679  776 ]
h [ 4  32 ] r 2

n/d: 1 + 5/19
f [ 4  76 ]
a [ 4  114  228 ]
a [ 5  19  95 ]
h [ 4 ] r 4

n/d: 5 + 5/7
f [ 2  5  70 ]
g [ 2  6  21 ]
a [ 2  7  14 ]
h [ 2  8  16  64 ] r 3 1/2

n/d: 3/10
f [ 4  20 ]
a [ 5  10 ]
h [ 4  32  64 ] r 1

n/d: 15/53
f [ 4  31  1315  2880727  24895761264860 ]
g [ 5  18  45  207  2438 ]
a [ 4  32  848  1696 ]
a [ 6  9  318  477 ]
a [ 4  53  106  212 ]
a [ 6  10  106  265  318 ]
h [ 4  32 ] r 1/2

n/d: 9/32
f [ 4  32 ]
a [ 6  9  288 ]

n/d: 7/22
f [ 4  15  660 ]
g [ 4  20  55 ]
a [ 4  16  176 ]
a [ 4  22  44 ]
a [ 6  11  22  66 ]
h [ 4  16 ] r 1 1/2

n/d: 790 + 10/81
f [ 9  81 ]
g [ 12  27  324 ]
a [ 18  27  54  81 ]
h [ 16  32  64 ] r 4 1/2

n/d: 1185 + 15/81
f [ 6  54 ]
a [ 6  81  162 ]
h [ 8  32  64 ] r 4

n/d: 59 + 7/27
f [ 4  108 ]
g [ 5  27  45 ]
a [ 6  18  27 ]
h [ 4 ] r 2 1/2

n/d: 455 + 1/9
f [ 9 ]
h [ 16  32  64 ] r 1/2

n/d: 2275 + 1215/2187
f [ 2  18 ]
h [ 2  32  64 ] r 2 +
r [ 2  4  36 ]
r [ 2  6  9 ]

n/d: 3 + 10/30
f [ 3 ]
h [ 4  16  64 ] r 1 +
r [ 2  6 ]

n/d: 1 + 30/70
f [ 3  11  231 ]
g [ 3  15  35 ]
a [ 4  7  28 ]
a [ 4  6  140  210 ]
h [ 4  8  32  64 ] r 2 +
r [ 7 ]
r [ 14  21  42 ]

n/d: 1 + 10/90
f [ 9 ]
h [ 16  32  64 ] +
r [ 2  18 ]

n/d: 10/365
f [ 37  2701 ]
a [ 64  128  256  23360  93440 ]
a [ 55  110  8030 ]
a [ 56  112  2920  5840  10220 ]
a [ 73  146  219  438 ]
h [ 64 ] r 3 +
r [ 3" 10  2190 ]

n/d: 7/160
f [ 23  3680 ]
g [ 30  96 ]
a [ 32  80 ]
a [ 24  480 ]
h [ 32 ] r 4

n/d: 22 + 6/7
f [ 2  3  42 ]
g [ 3" 6  42 ]
a [ 3" 8  16  336 ]
a [ 3" 7  21 ]
h [ 2  4  16  32 ] r 4

n/d: 63/800
f [ 13  548  474934  338342981600 ]
g [ 14  224  350 ]
a [ 16  100  160 ]
a [ 24  27  21600 ]
a [ 20  35  5600 ]
h [ 16  64 ] +
r [ 5 ]
r [ 6  30 ]
r [ 10  15  30 ]

n/d: 12 + 44/63
f [ 2  6  32  2016 ]
g [ 3" 56  72 ]
a [ 3" 32  2016 ]
a [ 3" 42  126 ]
h [ 2  8  16 ] r 3

n/d: 2801/16807
f [ 7  43  1839  51117198  7548573972844058 ]
g [ 7  43  2107  16807  103243 ]
a [ 7  53  212  4664  3563084  78387848 ]
a [ 7  64  160  520  1075648  2689120  4369820 ]
a [ 7  68  110  369754  12571636  31429090 ]
a [ 7  49  343  2401  16807 ]
h [ 8  32 ] r 3

n/d: 1/7
f [ 7 ]
a [ 14  21  42 ]
h [ 8  64 ] +
r [ 2  6  21 ]
r [ 2  7  14 ]

n/d: 1/11
f [ 11 ]
a [ 22  33  66 ]
h [ 16  64 ] r 4 +
r [ 11 ]
r [ 22  33  66 ]

n/d: 1/13
f [ 13 ]
a [ 26  39  78 ]
h [ 16 ] r 4 +
r [ 2  13  26 ]

n/d: 1/3
f [ 3 ]
a [ 4  12 ]
h [ 4  16  64 ] r 1 1/2

n/d: 1/4
f [ 4 ]
a [ 5  20 ]

n/d: 1/4
f [ 4 ]
a [ 7  14  28 ]

n/d: 1/5
f [ 5 ]
a [ 6  40  120 ]
a [ 8  20  40 ]
h [ 8  16 ] r 4

n/d: 1/6
f [ 6 ]
a [ 9  18 ]
h [ 8  32 ] r 3

n/d: 1/7
f [ 7 ]
a [ 14  21  42 ]
h [ 8  64 ] r 1/2

n/d: 1/8
f [ 8 ]
a [ 10  40 ]

n/d: 1/8
f [ 8 ]
a [ 12  24 ]

n/d: 1/9
f [ 9 ]
a [ 12  54  108 ]
a [ 18  27  54 ]
h [ 16  32  64 ] r 1/2

n/d: 1/10
f [ 10 ]
a [ 15  30 ]
h [ 16  32 ] r 2

n/d: 1/11
f [ 11 ]
a [ 12  132 ]
a [ 22  33  66 ]
h [ 16  64 ] r 4

n/d: 1/12
f [ 12 ]
a [ 18  36 ]
h [ 16  64 ] r 1 1/2

n/d: 1/13
f [ 13 ]
a [ 26  39  78 ]
h [ 16 ] r 4 1/2

n/d: 1/14
f [ 14 ]
a [ 21  42 ]
h [ 16 ] r 2 1/2

n/d: 1/15
f [ 15 ]
a [ 16  360  720 ]
a [ 18  90 ]
a [ 30  45  90 ]
h [ 16 ] r 1

n/d: 1/16
f [ 16 ]
a [ 24  48 ]

n/d: 1/20
f [ 20 ]
a [ 30  60 ]
h [ 32  64 ] r 1

n/d: 1/30
f [ 30 ]
a [ 45  90 ]
h [ 32 ] r 1/2

n/d: 1/32
f [ 32 ]
a [ 48  96 ]

n/d: 1/64
f [ 64 ]
a [ 96  192 ]

timer: 0.4416762s
